[debug] [2021-06-24T16:56:45.363Z] ----------------------------------------------------------------------
[debug] [2021-06-24T16:56:45.365Z] Command:       D:\Extra Programs\NodeJS\node.exe C:\Users\basba\AppData\Roaming\npm\node_modules\firebase-tools\lib\bin\firebase.js init
[debug] [2021-06-24T16:56:45.365Z] CLI Version:   9.14.0
[debug] [2021-06-24T16:56:45.365Z] Platform:      win32
[debug] [2021-06-24T16:56:45.365Z] Node Version:  v14.16.0
[debug] [2021-06-24T16:56:45.366Z] Time:          Thu Jun 24 2021 18:56:45 GMT+0200 (Midden-Europese zomertijd)
[debug] [2021-06-24T16:56:45.366Z] ----------------------------------------------------------------------
[debug] 
[debug] [2021-06-24T16:56:45.373Z] > command requires scopes: ["email","openid","https://www.googleapis.com/auth/cloudplatformprojects.readonly","https://www.googleapis.com/auth/firebase","https://www.googleapis.com/auth/cloud-platform"]
[debug] [2021-06-24T16:56:45.374Z] > authorizing via signed-in user (basbarg@gmail.com)
[info] 
     ######## #### ########  ######## ########     ###     ######  ########
     ##        ##  ##     ## ##       ##     ##  ##   ##  ##       ##
     ######    ##  ########  ######   ########  #########  ######  ######
     ##        ##  ##    ##  ##       ##     ## ##     ##       ## ##
     ##       #### ##     ## ######## ########  ##     ##  ######  ########

You're about to initialize a Firebase project in this directory:

  D:\Programming\Web-Development\React\IPMEDT4-Kinderboekenapp-React\kinderboekenapp

[info] 
=== Project Setup
[info] 
[info] First, let's associate this project directory with a Firebase project.
[info] You can create multiple project aliases by running firebase use --add, 
[info] but for now we'll just set up a default project.
[info] 
[debug] [2021-06-24T16:57:02.362Z] > refreshing access token with scopes: []
[debug] [2021-06-24T16:57:02.362Z] >>> HTTP REQUEST POST https://www.googleapis.com/oauth2/v3/token  
 <request body omitted>
[debug] [2021-06-24T16:57:02.482Z] <<< HTTP RESPONSE 200 {"date":"Thu, 24 Jun 2021 16:57:02 GMT","pragma":"no-cache","expires":"Mon, 01 Jan 1990 00:00:00 GMT","cache-control":"no-cache, no-store, max-age=0, must-revalidate","content-type":"application/json; charset=utf-8","vary":"X-Origin, Referer, Origin,Accept-Encoding","server":"scaffolding on HTTPServer2","x-xss-protection":"0","x-frame-options":"SAMEORIGIN","x-content-type-options":"nosniff","alt-svc":"h3=\":443\"; ma=2592000,h3-29=\":443\"; ma=2592000,h3-T051=\":443\"; ma=2592000,h3-Q050=\":443\"; ma=2592000,h3-Q046=\":443\"; ma=2592000,h3-Q043=\":443\"; ma=2592000,quic=\":443\"; ma=2592000; v=\"46,43\"","accept-ranges":"none","transfer-encoding":"chunked"}
[debug] [2021-06-24T16:57:02.495Z] >>> [apiv2][query] GET https://firebase.googleapis.com/v1beta1/projects pageSize=100
[debug] [2021-06-24T16:57:02.907Z] <<< [apiv2][status] GET https://firebase.googleapis.com/v1beta1/projects 200
[debug] [2021-06-24T16:57:02.908Z] <<< [apiv2][body] GET https://firebase.googleapis.com/v1beta1/projects [omitted]
[debug] [2021-06-24T16:58:05.843Z] ----------------------------------------------------------------------
[debug] [2021-06-24T16:58:05.845Z] Command:       D:\Extra Programs\NodeJS\node.exe C:\Users\basba\AppData\Roaming\npm\node_modules\firebase-tools\lib\bin\firebase.js init
[debug] [2021-06-24T16:58:05.846Z] CLI Version:   9.14.0
[debug] [2021-06-24T16:58:05.846Z] Platform:      win32
[debug] [2021-06-24T16:58:05.846Z] Node Version:  v14.16.0
[debug] [2021-06-24T16:58:05.847Z] Time:          Thu Jun 24 2021 18:58:05 GMT+0200 (Midden-Europese zomertijd)
[debug] [2021-06-24T16:58:05.847Z] ----------------------------------------------------------------------
[debug] 
[debug] [2021-06-24T16:58:05.856Z] > command requires scopes: ["email","openid","https://www.googleapis.com/auth/cloudplatformprojects.readonly","https://www.googleapis.com/auth/firebase","https://www.googleapis.com/auth/cloud-platform"]
[debug] [2021-06-24T16:58:05.856Z] > authorizing via signed-in user (basbarg@gmail.com)
[info] 
     ######## #### ########  ######## ########     ###     ######  ########
     ##        ##  ##     ## ##       ##     ##  ##   ##  ##       ##
     ######    ##  ########  ######   ########  #########  ######  ######
     ##        ##  ##    ##  ##       ##     ## ##     ##       ## ##
     ##       #### ##     ## ######## ########  ##     ##  ######  ########

You're about to initialize a Firebase project in this directory:

  D:\Programming\Web-Development\React\IPMEDT4-Kinderboekenapp-React\kinderboekenapp

[info] 
=== Project Setup
[info] 
[info] First, let's associate this project directory with a Firebase project.
[info] You can create multiple project aliases by running firebase use --add, 
[info] but for now we'll just set up a default project.
[info] 
[debug] [2021-06-24T16:58:12.216Z] >>> [apiv2][query] GET https://firebase.googleapis.com/v1beta1/projects pageSize=100
[debug] [2021-06-24T16:58:12.761Z] <<< [apiv2][status] GET https://firebase.googleapis.com/v1beta1/projects 200
[debug] [2021-06-24T16:58:12.761Z] <<< [apiv2][body] GET https://firebase.googleapis.com/v1beta1/projects [omitted]
[info] i  Using project kinderboekenapp-react (kinderboekenapp-react) 
[info] 
=== Hosting Setup
[info] 
[info] Your public directory is the folder (relative to your project directory) that
[info] will contain Hosting assets to be uploaded with firebase deploy. If you
[info] have a build process for your assets, use your build's output directory.
[info] 
[debug] [2021-06-24T17:01:44.058Z] ----------------------------------------------------------------------
[debug] [2021-06-24T17:01:44.060Z] Command:       D:\Extra Programs\NodeJS\node.exe C:\Users\basba\AppData\Roaming\npm\node_modules\firebase-tools\lib\bin\firebase.js init
[debug] [2021-06-24T17:01:44.060Z] CLI Version:   9.14.0
[debug] [2021-06-24T17:01:44.060Z] Platform:      win32
[debug] [2021-06-24T17:01:44.060Z] Node Version:  v14.16.0
[debug] [2021-06-24T17:01:44.061Z] Time:          Thu Jun 24 2021 19:01:44 GMT+0200 (Midden-Europese zomertijd)
[debug] [2021-06-24T17:01:44.061Z] ----------------------------------------------------------------------
[debug] 
[debug] [2021-06-24T17:01:44.070Z] > command requires scopes: ["email","openid","https://www.googleapis.com/auth/cloudplatformprojects.readonly","https://www.googleapis.com/auth/firebase","https://www.googleapis.com/auth/cloud-platform"]
[debug] [2021-06-24T17:01:44.070Z] > authorizing via signed-in user (basbarg@gmail.com)
[info] 
     ######## #### ########  ######## ########     ###     ######  ########
     ##        ##  ##     ## ##       ##     ##  ##   ##  ##       ##
     ######    ##  ########  ######   ########  #########  ######  ######
     ##        ##  ##    ##  ##       ##     ## ##     ##       ## ##
     ##       #### ##     ## ######## ########  ##     ##  ######  ########

You're about to initialize a Firebase project in this directory:

  D:\Programming\Web-Development\React\IPMEDT4-Kinderboekenapp-React\kinderboekenapp

